{
  "RSpec": {
    "coverage": {
      "/home/shinka/workspace/tracago/config/environment.rb": [
        null,
        1,
        null,
        null,
        1
      ],
      "/home/shinka/workspace/tracago/config/application.rb": [
        1,
        null,
        1,
        null,
        null,
        null,
        1,
        null,
        1,
        1,
        null,
        1,
        null,
        1,
        0,
        null,
        null,
        null,
        1,
        0,
        null,
        null,
        null,
        null,
        null,
        null,
        null,
        null,
        null,
        null,
        null,
        null,
        null,
        null,
        null,
        null
      ],
      "/home/shinka/workspace/tracago/config/boot.rb": [
        null,
        1,
        null,
        1
      ],
      "/home/shinka/workspace/tracago/config/environments/test.rb": [
        1,
        null,
        null,
        null,
        null,
        null,
        null,
        1,
        null,
        null,
        null,
        null,
        1,
        null,
        null,
        1,
        1,
        null,
        null,
        1,
        1,
        null,
        null,
        1,
        null,
        null,
        1,
        null,
        null,
        null,
        null,
        1,
        null,
        null,
        1,
        null
      ],
      "/home/shinka/workspace/tracago/app/controllers/application_controller.rb": [
        1,
        null,
        null,
        1,
        null
      ],
      "/home/shinka/workspace/tracago/app/helpers/application_helper.rb": [
        1,
        null
      ],
      "/home/shinka/workspace/tracago/config/initializers/backtrace_silencers.rb": [
        null,
        null,
        null,
        null,
        null,
        null,
        null
      ],
      "/home/shinka/workspace/tracago/config/initializers/core_extensions.rb": [
        1,
        1,
        0,
        0,
        0,
        null,
        null,
        1,
        28,
        null,
        null
      ],
      "/home/shinka/workspace/tracago/config/initializers/devise.rb": [
        null,
        null,
        1,
        null,
        null,
        null,
        1,
        null,
        null,
        null,
        null,
        null,
        null,
        null,
        null,
        1,
        null,
        null,
        null,
        null,
        null,
        null,
        null,
        null,
        null,
        null,
        null,
        null,
        null,
        null,
        null,
        null,
        null,
        null,
        null,
        null,
        null,
        1,
        null,
        null,
        null,
        null,
        1,
        null,
        null,
        null,
        null,
        null,
        null,
        null,
        null,
        null,
        null,
        null,
        null,
        null,
        null,
        null,
        null,
        null,
        null,
        null,
        null,
        null,
        null,
        null,
        null,
        null,
        null,
        null,
        null,
        null,
        null,
        null,
        null,
        null,
        1,
        null,
        null,
        null,
        null,
        null,
        null,
        null,
        null,
        null,
        null,
        null,
        null,
        null,
        null,
        1,
        null,
        null,
        null,
        null,
        null,
        null,
        null,
        null,
        null,
        null,
        null,
        null,
        null,
        null,
        null,
        null,
        null,
        null,
        null,
        null,
        null,
        null,
        null,
        null,
        1,
        null,
        null,
        null,
        null,
        null,
        null,
        null,
        null,
        null,
        null,
        null,
        null,
        null,
        null,
        null,
        null,
        null,
        1,
        null,
        null,
        null,
        null,
        null,
        null,
        null,
        null,
        null,
        null,
        null,
        null,
        null,
        null,
        null,
        null,
        null,
        null,
        null,
        null,
        null,
        null,
        null,
        null,
        null,
        null,
        null,
        null,
        null,
        null,
        null,
        null,
        null,
        null,
        null,
        null,
        null,
        null,
        null,
        null,
        null,
        null,
        null,
        null,
        null,
        1,
        null,
        null,
        null,
        null,
        null,
        null,
        null,
        null,
        null,
        null,
        null,
        null,
        null,
        null,
        null,
        null,
        null,
        null,
        null,
        null,
        null,
        null,
        null,
        null,
        null,
        null,
        null,
        null,
        null,
        null,
        null,
        null,
        null,
        null,
        null,
        null,
        null,
        null,
        null,
        null,
        null,
        1,
        null,
        null,
        null,
        null,
        null,
        null,
        null,
        null,
        null,
        null,
        null,
        null,
        null,
        null,
        null,
        null,
        null,
        null,
        null,
        null,
        null,
        null,
        null,
        null,
        null,
        null,
        null,
        null,
        null
      ],
      "/home/shinka/workspace/tracago/config/initializers/filter_parameter_logging.rb": [
        null,
        null,
        null,
        1
      ],
      "/home/shinka/workspace/tracago/config/initializers/inflections.rb": [
        null,
        null,
        null,
        null,
        null,
        null,
        null,
        null,
        null,
        null,
        null,
        null,
        null,
        null,
        null,
        null
      ],
      "/home/shinka/workspace/tracago/config/initializers/mime_types.rb": [
        null,
        null,
        null,
        null,
        null
      ],
      "/home/shinka/workspace/tracago/config/initializers/secret_token.rb": [
        null,
        null,
        null,
        null,
        null,
        null,
        null,
        null,
        null,
        null,
        null,
        1
      ],
      "/home/shinka/workspace/tracago/config/initializers/session_store.rb": [
        null,
        null,
        1
      ],
      "/home/shinka/workspace/tracago/config/initializers/spree.rb": [
        null,
        null,
        null,
        null,
        null,
        null,
        null,
        1,
        null,
        null,
        null,
        null,
        null,
        1
      ],
      "/home/shinka/workspace/tracago/config/initializers/wrap_parameters.rb": [
        null,
        null,
        null,
        null,
        null,
        null,
        1,
        1,
        null,
        null,
        null,
        null,
        null,
        null
      ],
      "/home/shinka/workspace/tracago/config/routes.rb": [
        1,
        null,
        null,
        null,
        null,
        null,
        null,
        1,
        null,
        null,
        null,
        null,
        null,
        null,
        null,
        null,
        null,
        null,
        null,
        null,
        null,
        null,
        null,
        null,
        null,
        null,
        null,
        null,
        null,
        null,
        null,
        null,
        null,
        null,
        null,
        null,
        null,
        null,
        null,
        null,
        null,
        null,
        null,
        null,
        null,
        null,
        null,
        null,
        null,
        null,
        null,
        null,
        null,
        null,
        null,
        null,
        null,
        null,
        null,
        null,
        null,
        null,
        null
      ],
      "/home/shinka/workspace/tracago/spec/factories/option_type_factory.rb": [
        1,
        1,
        1,
        1,
        12,
        null,
        null,
        null,
        1,
        null,
        null,
        null,
        null,
        12,
        null,
        null,
        1,
        12,
        null,
        null,
        null
      ],
      "/home/shinka/workspace/tracago/spec/factories/shipping_category_factory.rb": [
        1,
        1,
        1,
        1,
        0,
        null,
        null,
        null,
        1,
        null,
        null,
        0,
        null,
        null,
        1,
        0,
        null,
        null,
        null
      ],
      "/home/shinka/workspace/tracago/spec/factories/shop_factory.rb": [
        1,
        1,
        1,
        null,
        1,
        29,
        null,
        null,
        1,
        29,
        null,
        null,
        1,
        29,
        29,
        null,
        null,
        null,
        1,
        null,
        null,
        null,
        29,
        null,
        null,
        1,
        29,
        null,
        null,
        null
      ],
      "/home/shinka/workspace/tracago/spec/factories/address_factory.rb": [
        1,
        1,
        null,
        1,
        0,
        null,
        null,
        1,
        82,
        null,
        null,
        1,
        null,
        1,
        92,
        92,
        null,
        null,
        1,
        0,
        0,
        0,
        null,
        null,
        null,
        1,
        null,
        null,
        null,
        null,
        null,
        null,
        null,
        null,
        null,
        null,
        null,
        92,
        null,
        null,
        1,
        82,
        null,
        null,
        null
      ],
      "/home/shinka/workspace/tracago/spec/factories/option_value_factory.rb": [
        1,
        1,
        1,
        1,
        4,
        null,
        null,
        1,
        0,
        null,
        null,
        1,
        null,
        1,
        4,
        4,
        null,
        null,
        1,
        84,
        84,
        84,
        null,
        null,
        null,
        1,
        null,
        null,
        null,
        null,
        null,
        null,
        80,
        null,
        null,
        1,
        80,
        null,
        null,
        null
      ],
      "/home/shinka/workspace/tracago/spec/factories/variant_factory.rb": [
        1,
        1,
        1,
        1,
        0,
        null,
        null,
        1,
        0,
        null,
        null,
        1,
        null,
        1,
        0,
        0,
        0,
        null,
        null,
        null,
        1,
        null,
        null,
        null,
        null,
        null,
        null,
        0,
        null,
        null,
        1,
        0,
        null,
        null,
        null
      ],
      "/home/shinka/workspace/tracago/spec/factories/tax_category_factory.rb": [
        1,
        1,
        1,
        0,
        null,
        null,
        1,
        null,
        null,
        0,
        null,
        null,
        1,
        0,
        null,
        null,
        null
      ],
      "/home/shinka/workspace/tracago/spec/factories/state_factory.rb": [
        1,
        1,
        1,
        1,
        92,
        null,
        null,
        1,
        92,
        null,
        null,
        1,
        null,
        1,
        92,
        92,
        null,
        null,
        null,
        1,
        null,
        null,
        null,
        null,
        92,
        null,
        null,
        1,
        92,
        null,
        null,
        null
      ],
      "/home/shinka/workspace/tracago/spec/factories/product_factory.rb": [
        1,
        1,
        1,
        null,
        1,
        0,
        null,
        null,
        1,
        0,
        null,
        null,
        1,
        0,
        0,
        0,
        0,
        null,
        null,
        null,
        1,
        null,
        null,
        null,
        null,
        null,
        null,
        null,
        null,
        0,
        null,
        null,
        1,
        0,
        null,
        null,
        null
      ],
      "/home/shinka/workspace/tracago/spec/factories/stockpile_factory.rb": [
        1,
        1,
        1,
        1,
        36,
        null,
        null,
        1,
        36,
        null,
        null,
        1,
        null,
        1,
        72,
        72,
        72,
        null,
        null,
        null,
        1,
        null,
        null,
        null,
        null,
        null,
        36,
        null,
        null,
        1,
        36,
        null,
        null,
        null
      ],
      "/home/shinka/workspace/tracago/spec/factories/user_factory.rb": [
        1,
        1,
        null,
        1,
        47,
        null,
        null,
        1,
        null,
        null,
        null,
        47,
        null,
        null,
        1,
        47,
        null,
        null,
        null
      ],
      "/home/shinka/workspace/tracago/spec/factories/offer_factory.rb": [
        1,
        1,
        1,
        1,
        1,
        18,
        null,
        null,
        1,
        18,
        null,
        null,
        null,
        1,
        54,
        54,
        54,
        54,
        null,
        null,
        null,
        1,
        18,
        null,
        null,
        1,
        null,
        null,
        null,
        null,
        null,
        null,
        null,
        18,
        null,
        null,
        null,
        null
      ],
      "/home/shinka/workspace/tracago/spec/factories/material_factory.rb": [
        1,
        1,
        1,
        1,
        36,
        null,
        null,
        null,
        1,
        null,
        null,
        null,
        36,
        null,
        null,
        1,
        36,
        null,
        null,
        null
      ],
      "/home/shinka/workspace/tracago/spec/factories/listing_factory.rb": [
        1,
        1,
        1,
        1,
        10,
        null,
        null,
        1,
        18,
        null,
        null,
        1,
        null,
        1,
        28,
        28,
        28,
        null,
        null,
        1,
        10,
        10,
        10,
        10,
        null,
        null,
        null,
        1,
        28,
        null,
        null,
        1,
        null,
        null,
        null,
        null,
        null,
        null,
        null,
        28,
        null,
        null,
        null
      ],
      "/home/shinka/workspace/tracago/spec/factories/country_factory.rb": [
        1,
        1,
        1,
        1,
        184,
        null,
        null,
        null,
        1,
        null,
        null,
        null,
        null,
        null,
        null,
        null,
        184,
        null,
        null,
        1,
        184,
        null,
        null,
        null
      ],
      "/home/shinka/workspace/tracago/spec/controllers/offers/addresses_controller_spec.rb": [
        1,
        null,
        1,
        1,
        8,
        null,
        null,
        1,
        1,
        1,
        null,
        null,
        null,
        null,
        null,
        1,
        null,
        1,
        1,
        null,
        null,
        null,
        1,
        1,
        12,
        null,
        1,
        3,
        null,
        1,
        1,
        null,
        1,
        1,
        null,
        1,
        7,
        7,
        7,
        null,
        null,
        1,
        1,
        2,
        2,
        null,
        1,
        1,
        6,
        null,
        null,
        1,
        1,
        6,
        null,
        null,
        null,
        1,
        1,
        6,
        null,
        null,
        1,
        1,
        null,
        1,
        1,
        1,
        1,
        null,
        1,
        1,
        1,
        null,
        1,
        1,
        1,
        1,
        1,
        1,
        null,
        null,
        null,
        null
      ],
      "/home/shinka/workspace/tracago/spec/lib/array_extension_spec.rb": [
        1,
        null,
        1,
        1,
        1,
        1,
        null,
        1,
        1,
        null,
        1,
        null,
        11,
        4,
        11,
        3,
        null,
        1,
        1,
        null,
        null,
        1,
        1,
        1,
        null,
        1,
        11,
        null,
        null,
        1,
        1,
        1,
        1,
        1,
        1,
        1,
        1,
        null,
        null,
        null,
        null,
        null,
        null,
        null,
        null,
        null,
        null,
        1,
        null,
        4,
        1,
        2,
        2,
        2,
        2,
        null,
        null,
        1,
        1,
        null,
        null,
        null,
        null
      ],
      "/home/shinka/workspace/tracago/spec/lib/hash_extension_spec.rb": [
        1,
        null,
        1,
        null,
        1,
        1,
        2,
        null,
        null,
        null,
        null,
        2,
        null,
        null,
        null,
        null,
        null,
        null,
        1,
        null,
        null,
        null,
        null,
        1,
        null,
        1,
        1,
        null,
        1,
        1,
        null,
        1,
        1,
        null,
        null,
        null
      ],
      "/home/shinka/workspace/tracago/spec/models/address_spec.rb": [
        1,
        null,
        1,
        null,
        1,
        2,
        1,
        2,
        null,
        1,
        1,
        1,
        null,
        1,
        1,
        1,
        1,
        1,
        1,
        1,
        1,
        1,
        null,
        null,
        null,
        1,
        1,
        1,
        null,
        2,
        1,
        2,
        null,
        null,
        null
      ],
      "/home/shinka/workspace/tracago/spec/models/offer_spec.rb": [
        1,
        null,
        1,
        1,
        1,
        11,
        null,
        2,
        1,
        1,
        1,
        10,
        10,
        10,
        null,
        null,
        null,
        null
      ],
      "/home/shinka/workspace/tracago/spec/models/shop_spec.rb": [
        1,
        null,
        1,
        1,
        1,
        1,
        11,
        null,
        2,
        2,
        1,
        1,
        null,
        null,
        null
      ],
      "/home/shinka/workspace/tracago/spec/models/stockpile_spec.rb": [
        1,
        null,
        1,
        1,
        1,
        4,
        4,
        4,
        4,
        44,
        44,
        null,
        3,
        1,
        41,
        null,
        1,
        50,
        null,
        null,
        1,
        1,
        1,
        10,
        null,
        null,
        null,
        1,
        1,
        1,
        20,
        null,
        null,
        null,
        1,
        1,
        2,
        null,
        null,
        null,
        1,
        1,
        null,
        null,
        null
      ]
    },
    "timestamp": 1380841187
  }
}
